POST /users/signup 302 2022-04-27T02:50:18.985Z 1085.766 ms
POST /users/signin 200 2022-04-27T02:50:19.327Z 161.754 ms
POST /users/signup 302 2022-04-27T02:53:23.179Z 1074.762 ms
POST /users/signin 200 2022-04-27T02:53:23.439Z 190.383 ms
GET /products/ 200 2022-04-27T02:53:23.521Z 71.960 ms
GET /products/626855f69d6b23e93ffa8a0d 200 2022-04-27T02:53:23.662Z 95.275 ms
PATCH /products/626855f69d6b23e93ffa8a0d 200 2022-04-27T02:53:23.796Z 102.074 ms
GET /blogs/ 200 2022-04-27T02:53:23.866Z 46.835 ms
GET /blogs/6268702dd8652c5eca59e10c 200 2022-04-27T02:53:23.914Z 40.114 ms
PATCH /blogs/6268702dd8652c5eca59e10c 200 2022-04-27T02:53:24.005Z 85.035 ms
POST /users/signup 302 2022-04-27T02:54:08.880Z 875.659 ms
POST /users/signin 200 2022-04-27T02:54:09.095Z 177.964 ms
GET /products/ 200 2022-04-27T02:54:09.166Z 55.660 ms
GET /products/626855f69d6b23e93ffa8a0d 200 2022-04-27T02:54:09.267Z 87.533 ms
PATCH /products/626855f69d6b23e93ffa8a0d 200 2022-04-27T02:54:09.405Z 116.099 ms
GET /blogs/ 200 2022-04-27T02:54:09.458Z 44.642 ms
GET /blogs/6268702dd8652c5eca59e10c 200 2022-04-27T02:54:09.511Z 41.468 ms
PATCH /blogs/6268702dd8652c5eca59e10c 200 2022-04-27T02:54:09.607Z 87.075 ms
POST /users/signup 302 2022-04-27T03:08:03.335Z 1147.757 ms
POST /users/signin 200 2022-04-27T03:08:03.568Z 172.613 ms
GET /products/ 200 2022-04-27T03:08:03.632Z 54.002 ms
GET /products/626855f69d6b23e93ffa8a0d 200 2022-04-27T03:08:03.717Z 75.748 ms
PATCH /products/626855f69d6b23e93ffa8a0d 200 2022-04-27T03:08:03.802Z 77.861 ms
GET /blogs/ 200 2022-04-27T03:08:03.846Z 36.859 ms
GET /blogs/6268702dd8652c5eca59e10c 200 2022-04-27T03:08:03.894Z 40.185 ms
PATCH /blogs/6268702dd8652c5eca59e10c 200 2022-04-27T03:08:04.023Z 123.570 ms
